0 info it worked if it ends with ok
1 verbose cli [ '/usr/bin/nodejs',
1 verbose cli   '/usr/bin/npm',
1 verbose cli   'install',
1 verbose cli   'Karma',
1 verbose cli   '--save-dev' ]
2 info using npm@1.3.10
3 info using node@v0.10.25
4 verbose cache add [ 'Karma', null ]
5 verbose cache add name=undefined spec="Karma" args=["Karma",null]
6 verbose parsed url { protocol: null,
6 verbose parsed url   slashes: null,
6 verbose parsed url   auth: null,
6 verbose parsed url   host: null,
6 verbose parsed url   port: null,
6 verbose parsed url   hostname: null,
6 verbose parsed url   hash: null,
6 verbose parsed url   search: null,
6 verbose parsed url   query: null,
6 verbose parsed url   pathname: 'Karma',
6 verbose parsed url   path: 'Karma',
6 verbose parsed url   href: 'Karma' }
7 silly lockFile 835db6cf-Karma Karma
8 verbose lock Karma /home/dario/.npm/835db6cf-Karma.lock
9 silly lockFile 835db6cf-Karma Karma
10 silly lockFile 835db6cf-Karma Karma
11 verbose addNamed [ 'Karma', '' ]
12 verbose addNamed [ null, '*' ]
13 silly lockFile 769262fc-Karma Karma@
14 verbose lock Karma@ /home/dario/.npm/769262fc-Karma.lock
15 silly addNameRange { name: 'Karma', range: '*', hasData: false }
16 verbose url raw Karma
17 verbose url resolving [ 'https://registry.npmjs.org/', './Karma' ]
18 verbose url resolved https://registry.npmjs.org/Karma
19 info trying registry request attempt 1 at 09:26:44
20 http GET https://registry.npmjs.org/Karma
21 http 404 https://registry.npmjs.org/Karma
22 silly registry.get cb [ 404,
22 silly registry.get   { date: 'Thu, 07 Aug 2014 07:26:46 GMT',
22 silly registry.get     server: 'CouchDB/1.5.0 (Erlang OTP/R16B03)',
22 silly registry.get     'content-type': 'application/json',
22 silly registry.get     'cache-control': 'max-age=0',
22 silly registry.get     'content-length': '52',
22 silly registry.get     'accept-ranges': 'bytes',
22 silly registry.get     via: '1.1 varnish',
22 silly registry.get     age: '0',
22 silly registry.get     'x-served-by': 'cache-fra1235-FRA',
22 silly registry.get     'x-cache': 'MISS',
22 silly registry.get     'x-cache-hits': '0',
22 silly registry.get     'x-timer': 'S1407396405.943657,VS0,VE109',
22 silly registry.get     'keep-alive': 'timeout=10, max=50',
22 silly registry.get     connection: 'Keep-Alive' } ]
23 silly lockFile 769262fc-Karma Karma@
24 silly lockFile 769262fc-Karma Karma@
25 error 404 'Karma' is not in the npm registry.
25 error 404 You should bug the author to publish it
25 error 404
25 error 404 Note that you can also install from a
25 error 404 tarball, folder, or http url, or git url.
26 error System Linux 3.13.0-32-generic
27 error command "/usr/bin/nodejs" "/usr/bin/npm" "install" "Karma" "--save-dev"
28 error cwd /home/dario/Desktop/carlosBle
29 error node -v v0.10.25
30 error npm -v 1.3.10
31 error code E404
32 verbose exit [ 1, true ]
